<?xml version="1.0" encoding="UTF-8"?>
<!-- Generated by org.testng.reporters.JUnitReportReporter -->
<testsuite hostname="DESKTOP-A5BU2M4" failures="0" tests="3" name="com.maven1.SeliniumProj" time="15.212" errors="0" timestamp="31 Jan 2024 10:08:28 GMT" skipped="0">
  <testcase classname="com.maven1.SeliniumProj" name="tc_3" time="3.112"/>
  <testcase classname="com.maven1.SeliniumProj" name="tc_1" time="7.818"/>
  <testcase classname="com.maven1.SeliniumProj" name="tc_2" time="4.282"/>
</testsuite> <!-- com.maven1.SeliniumProj -->
